This file contains any messages produced by compilers while
running configure, to aid debugging if configure makes a mistake.

It was created by jam configure 2.1000, which was
generated by GNU Autoconf 2.69.  Invocation command line was

  $ ./configure PYTHIA8=/star/u/lliu/lib/pythia8 --prefix=/star/u/lliu/lib --no-create --no-recursion

## --------- ##
## Platform. ##
## --------- ##

hostname = rcas6008.rcf.bnl.gov
uname -m = x86_64
uname -r = 3.10.0-1160.71.1.el7.x86_64
uname -s = Linux
uname -v = #1 SMP Tue Jun 28 08:19:35 CDT 2022

/usr/bin/uname -p = x86_64
/bin/uname -X     = unknown

/bin/arch              = x86_64
/usr/bin/arch -k       = unknown
/usr/convex/getsysinfo = unknown
/usr/bin/hostinfo      = unknown
/bin/machine           = unknown
/usr/bin/oslevel       = unknown
/bin/universe          = unknown

PATH: /star/u/lliu/cmake/bin
PATH: /opt/star/sl73_gcc485/bin
PATH: /usr/lib/jvm/jre-openjdk/bin
PATH: /afs/rhic/rhstar/group
PATH: /afs/rhic.bnl.gov/star/packages/SL23f/mgr
PATH: /afs/rhic.bnl.gov/star/packages/scripts
PATH: /afs/rhic.bnl.gov/star/packages/cgi
PATH: .sl73_gcc485/bin
PATH: /afs/rhic.bnl.gov/star/packages/SL23f/.sl73_gcc485/bin
PATH: /usr/afsws/bin
PATH: /usr/afsws/etc
PATH: /usr/local/bin
PATH: /opt/star/sl73_gcc485/qt4/bin
PATH: /afs/rhic.bnl.gov/star/ROOT/5.34.38/.sl73_gcc485/rootdeb/bin
PATH: /usr/bin
PATH: /bin
PATH: /usr/sbin
PATH: .
PATH: /usr/local/sbin
PATH: /afs/rhic.bnl.gov/star/ROOT/Xrootd/prod/.sl73_gcc485/bin
PATH: /usr/lpp/mmfs/bin/
PATH: /cern/pro/bin


## ----------- ##
## Core tests. ##
## ----------- ##

configure:2360: checking for a BSD-compatible install
configure:2428: result: /usr/bin/install -c
configure:2439: checking whether build environment is sane
configure:2494: result: yes
configure:2645: checking for a thread-safe mkdir -p
configure:2684: result: /usr/bin/mkdir -p
configure:2691: checking for gawk
configure:2707: found /usr/bin/gawk
configure:2718: result: gawk
configure:2729: checking whether make sets $(MAKE)
configure:2751: result: yes
configure:2780: checking whether make supports nested variables
configure:2797: result: yes
configure:2943: checking for g++
configure:2959: found /usr/bin/g++
configure:2970: result: g++
configure:2997: checking for C++ compiler version
configure:3006: g++ --version >&5
g++ (GCC) 4.8.5 20150623 (Red Hat 4.8.5-11)
Copyright (C) 2015 Free Software Foundation, Inc.
This is free software; see the source for copying conditions.  There is NO
warranty; not even for MERCHANTABILITY or FITNESS FOR A PARTICULAR PURPOSE.

configure:3017: $? = 0
configure:3006: g++ -v >&5
Using built-in specs.
COLLECT_GCC=g++
COLLECT_LTO_WRAPPER=/usr/libexec/gcc/x86_64-redhat-linux/4.8.5/lto-wrapper
Target: x86_64-redhat-linux
Configured with: ../configure --prefix=/usr --mandir=/usr/share/man --infodir=/usr/share/info --with-bugurl=http://bugzilla.redhat.com/bugzilla --enable-bootstrap --enable-shared --enable-threads=posix --enable-checking=release --with-system-zlib --enable-__cxa_atexit --disable-libunwind-exceptions --enable-gnu-unique-object --enable-linker-build-id --with-linker-hash-style=gnu --enable-languages=c,c++,objc,obj-c++,java,fortran,ada,go,lto --enable-plugin --enable-initfini-array --disable-libgcj --with-isl=/builddir/build/BUILD/gcc-4.8.5-20150702/obj-x86_64-redhat-linux/isl-install --with-cloog=/builddir/build/BUILD/gcc-4.8.5-20150702/obj-x86_64-redhat-linux/cloog-install --enable-gnu-indirect-function --with-tune=generic --with-arch_32=x86-64 --build=x86_64-redhat-linux
Thread model: posix
gcc version 4.8.5 20150623 (Red Hat 4.8.5-11) (GCC) 
configure:3017: $? = 0
configure:3006: g++ -V >&5
g++: error: unrecognized command line option '-V'
g++: fatal error: no input files
compilation terminated.
configure:3017: $? = 4
configure:3006: g++ -qversion >&5
g++: error: unrecognized command line option '-qversion'
g++: fatal error: no input files
compilation terminated.
configure:3017: $? = 4
configure:3037: checking whether the C++ compiler works
configure:3059: g++    conftest.cpp  >&5
configure:3063: $? = 0
configure:3111: result: yes
configure:3114: checking for C++ compiler default output file name
configure:3116: result: a.out
configure:3122: checking for suffix of executables
configure:3129: g++ -o conftest    conftest.cpp  >&5
configure:3133: $? = 0
configure:3155: result: 
configure:3177: checking whether we are cross compiling
configure:3185: g++ -o conftest    conftest.cpp  >&5
configure:3189: $? = 0
configure:3196: ./conftest
configure:3200: $? = 0
configure:3215: result: no
configure:3220: checking for suffix of object files
configure:3242: g++ -c   conftest.cpp >&5
configure:3246: $? = 0
configure:3267: result: o
configure:3271: checking whether we are using the GNU C++ compiler
configure:3290: g++ -c   conftest.cpp >&5
configure:3290: $? = 0
configure:3299: result: yes
configure:3308: checking whether g++ accepts -g
configure:3328: g++ -c -g  conftest.cpp >&5
configure:3328: $? = 0
configure:3369: result: yes
configure:3403: checking for style of include used by make
configure:3431: result: GNU
configure:3457: checking dependency style of g++
configure:3568: result: gcc3
configure:3631: checking for gcc
configure:3647: found /usr/bin/gcc
configure:3658: result: gcc
configure:3887: checking for C compiler version
configure:3896: gcc --version >&5
gcc (GCC) 4.8.5 20150623 (Red Hat 4.8.5-11)
Copyright (C) 2015 Free Software Foundation, Inc.
This is free software; see the source for copying conditions.  There is NO
warranty; not even for MERCHANTABILITY or FITNESS FOR A PARTICULAR PURPOSE.

configure:3907: $? = 0
configure:3896: gcc -v >&5
Using built-in specs.
COLLECT_GCC=gcc
COLLECT_LTO_WRAPPER=/usr/libexec/gcc/x86_64-redhat-linux/4.8.5/lto-wrapper
Target: x86_64-redhat-linux
Configured with: ../configure --prefix=/usr --mandir=/usr/share/man --infodir=/usr/share/info --with-bugurl=http://bugzilla.redhat.com/bugzilla --enable-bootstrap --enable-shared --enable-threads=posix --enable-checking=release --with-system-zlib --enable-__cxa_atexit --disable-libunwind-exceptions --enable-gnu-unique-object --enable-linker-build-id --with-linker-hash-style=gnu --enable-languages=c,c++,objc,obj-c++,java,fortran,ada,go,lto --enable-plugin --enable-initfini-array --disable-libgcj --with-isl=/builddir/build/BUILD/gcc-4.8.5-20150702/obj-x86_64-redhat-linux/isl-install --with-cloog=/builddir/build/BUILD/gcc-4.8.5-20150702/obj-x86_64-redhat-linux/cloog-install --enable-gnu-indirect-function --with-tune=generic --with-arch_32=x86-64 --build=x86_64-redhat-linux
Thread model: posix
gcc version 4.8.5 20150623 (Red Hat 4.8.5-11) (GCC) 
configure:3907: $? = 0
configure:3896: gcc -V >&5
gcc: error: unrecognized command line option '-V'
gcc: fatal error: no input files
compilation terminated.
configure:3907: $? = 4
configure:3896: gcc -qversion >&5
gcc: error: unrecognized command line option '-qversion'
gcc: fatal error: no input files
compilation terminated.
configure:3907: $? = 4
configure:3911: checking whether we are using the GNU C compiler
configure:3930: gcc -c   conftest.c >&5
configure:3930: $? = 0
configure:3939: result: yes
configure:3948: checking whether gcc accepts -g
configure:3968: gcc -c -g  conftest.c >&5
configure:3968: $? = 0
configure:4009: result: yes
configure:4026: checking for gcc option to accept ISO C89
configure:4089: gcc  -c -g -O2  conftest.c >&5
configure:4089: $? = 0
configure:4102: result: none needed
configure:4124: checking dependency style of gcc
configure:4235: result: gcc3
configure:4263: checking how to run the C preprocessor
configure:4294: gcc -E  conftest.c
configure:4294: $? = 0
configure:4308: gcc -E  conftest.c
conftest.c:11:28: fatal error: ac_nonexistent.h: No such file or directory
 #include <ac_nonexistent.h>
                            ^
compilation terminated.
configure:4308: $? = 1
configure: failed program was:
| /* confdefs.h */
| #define PACKAGE_NAME "jam"
| #define PACKAGE_TARNAME "jam"
| #define PACKAGE_VERSION "2.1000"
| #define PACKAGE_STRING "jam 2.1000"
| #define PACKAGE_BUGREPORT ""
| #define PACKAGE_URL ""
| #define PACKAGE "jam"
| #define VERSION "2.1000"
| /* end confdefs.h.  */
| #include <ac_nonexistent.h>
configure:4333: result: gcc -E
configure:4353: gcc -E  conftest.c
configure:4353: $? = 0
configure:4367: gcc -E  conftest.c
conftest.c:11:28: fatal error: ac_nonexistent.h: No such file or directory
 #include <ac_nonexistent.h>
                            ^
compilation terminated.
configure:4367: $? = 1
configure: failed program was:
| /* confdefs.h */
| #define PACKAGE_NAME "jam"
| #define PACKAGE_TARNAME "jam"
| #define PACKAGE_VERSION "2.1000"
| #define PACKAGE_STRING "jam 2.1000"
| #define PACKAGE_BUGREPORT ""
| #define PACKAGE_URL ""
| #define PACKAGE "jam"
| #define VERSION "2.1000"
| /* end confdefs.h.  */
| #include <ac_nonexistent.h>
configure:4396: checking for grep that handles long lines and -e
configure:4454: result: /usr/bin/grep
configure:4459: checking for egrep
configure:4521: result: /usr/bin/grep -E
configure:4526: checking for ANSI C header files
configure:4546: gcc -c -g -O2  conftest.c >&5
configure:4546: $? = 0
configure:4619: gcc -o conftest -g -O2   conftest.c  >&5
configure:4619: $? = 0
configure:4619: ./conftest
configure:4619: $? = 0
configure:4630: result: yes
configure:4643: checking for sys/types.h
configure:4643: gcc -c -g -O2  conftest.c >&5
configure:4643: $? = 0
configure:4643: result: yes
configure:4643: checking for sys/stat.h
configure:4643: gcc -c -g -O2  conftest.c >&5
configure:4643: $? = 0
configure:4643: result: yes
configure:4643: checking for stdlib.h
configure:4643: gcc -c -g -O2  conftest.c >&5
configure:4643: $? = 0
configure:4643: result: yes
configure:4643: checking for string.h
configure:4643: gcc -c -g -O2  conftest.c >&5
configure:4643: $? = 0
configure:4643: result: yes
configure:4643: checking for memory.h
configure:4643: gcc -c -g -O2  conftest.c >&5
configure:4643: $? = 0
configure:4643: result: yes
configure:4643: checking for strings.h
configure:4643: gcc -c -g -O2  conftest.c >&5
configure:4643: $? = 0
configure:4643: result: yes
configure:4643: checking for inttypes.h
configure:4643: gcc -c -g -O2  conftest.c >&5
configure:4643: $? = 0
configure:4643: result: yes
configure:4643: checking for stdint.h
configure:4643: gcc -c -g -O2  conftest.c >&5
configure:4643: $? = 0
configure:4643: result: yes
configure:4643: checking for unistd.h
configure:4643: gcc -c -g -O2  conftest.c >&5
configure:4643: $? = 0
configure:4643: result: yes
configure:4655: checking for stdbool.h that conforms to C99
configure:4722: gcc -c -g -O2  conftest.c >&5
configure:4722: $? = 0
configure:4729: result: yes
configure:4731: checking for _Bool
configure:4731: gcc -c -g -O2  conftest.c >&5
configure:4731: $? = 0
configure:4731: gcc -c -g -O2  conftest.c >&5
conftest.c: In function 'main':
conftest.c:57:20: error: expected expression before ')' token
 if (sizeof ((_Bool)))
                    ^
configure:4731: $? = 1
configure: failed program was:
| /* confdefs.h */
| #define PACKAGE_NAME "jam"
| #define PACKAGE_TARNAME "jam"
| #define PACKAGE_VERSION "2.1000"
| #define PACKAGE_STRING "jam 2.1000"
| #define PACKAGE_BUGREPORT ""
| #define PACKAGE_URL ""
| #define PACKAGE "jam"
| #define VERSION "2.1000"
| #define STDC_HEADERS 1
| #define HAVE_SYS_TYPES_H 1
| #define HAVE_SYS_STAT_H 1
| #define HAVE_STDLIB_H 1
| #define HAVE_STRING_H 1
| #define HAVE_MEMORY_H 1
| #define HAVE_STRINGS_H 1
| #define HAVE_INTTYPES_H 1
| #define HAVE_STDINT_H 1
| #define HAVE_UNISTD_H 1
| /* end confdefs.h.  */
| #include <stdio.h>
| #ifdef HAVE_SYS_TYPES_H
| # include <sys/types.h>
| #endif
| #ifdef HAVE_SYS_STAT_H
| # include <sys/stat.h>
| #endif
| #ifdef STDC_HEADERS
| # include <stdlib.h>
| # include <stddef.h>
| #else
| # ifdef HAVE_STDLIB_H
| #  include <stdlib.h>
| # endif
| #endif
| #ifdef HAVE_STRING_H
| # if !defined STDC_HEADERS && defined HAVE_MEMORY_H
| #  include <memory.h>
| # endif
| # include <string.h>
| #endif
| #ifdef HAVE_STRINGS_H
| # include <strings.h>
| #endif
| #ifdef HAVE_INTTYPES_H
| # include <inttypes.h>
| #endif
| #ifdef HAVE_STDINT_H
| # include <stdint.h>
| #endif
| #ifdef HAVE_UNISTD_H
| # include <unistd.h>
| #endif
| int
| main ()
| {
| if (sizeof ((_Bool)))
| 	    return 0;
|   ;
|   return 0;
| }
configure:4731: result: yes
configure:4742: checking for inline
configure:4758: gcc -c -g -O2  conftest.c >&5
configure:4758: $? = 0
configure:4766: result: inline
configure:4789: checking for pow
configure:4789: gcc -o conftest -g -O2   conftest.c  >&5
conftest.c:45:6: warning: conflicting types for built-in function 'pow' [enabled by default]
 char pow ();
      ^
/tmp/ccF38dEo.o: In function `main':
/star/u/lliu/test/JAM2/jam2_bk/conftest.c:56: undefined reference to `pow'
collect2: error: ld returned 1 exit status
configure:4789: $? = 1
configure: failed program was:
| /* confdefs.h */
| #define PACKAGE_NAME "jam"
| #define PACKAGE_TARNAME "jam"
| #define PACKAGE_VERSION "2.1000"
| #define PACKAGE_STRING "jam 2.1000"
| #define PACKAGE_BUGREPORT ""
| #define PACKAGE_URL ""
| #define PACKAGE "jam"
| #define VERSION "2.1000"
| #define STDC_HEADERS 1
| #define HAVE_SYS_TYPES_H 1
| #define HAVE_SYS_STAT_H 1
| #define HAVE_STDLIB_H 1
| #define HAVE_STRING_H 1
| #define HAVE_MEMORY_H 1
| #define HAVE_STRINGS_H 1
| #define HAVE_INTTYPES_H 1
| #define HAVE_STDINT_H 1
| #define HAVE_UNISTD_H 1
| #define HAVE__BOOL 1
| /* end confdefs.h.  */
| /* Define pow to an innocuous variant, in case <limits.h> declares pow.
|    For example, HP-UX 11i <limits.h> declares gettimeofday.  */
| #define pow innocuous_pow
| 
| /* System header to define __stub macros and hopefully few prototypes,
|     which can conflict with char pow (); below.
|     Prefer <limits.h> to <assert.h> if __STDC__ is defined, since
|     <limits.h> exists even on freestanding compilers.  */
| 
| #ifdef __STDC__
| # include <limits.h>
| #else
| # include <assert.h>
| #endif
| 
| #undef pow
| 
| /* Override any GCC internal prototype to avoid an error.
|    Use char because int might match the return type of a GCC
|    builtin and then its argument prototype would still apply.  */
| #ifdef __cplusplus
| extern "C"
| #endif
| char pow ();
| /* The GNU C library defines this for functions which it implements
|     to always fail with ENOSYS.  Some functions are actually named
|     something starting with __ and the normal name is an alias.  */
| #if defined __stub_pow || defined __stub___pow
| choke me
| #endif
| 
| int
| main ()
| {
| return pow ();
|   ;
|   return 0;
| }
configure:4789: result: no
configure:4789: checking for sqrt
configure:4789: gcc -o conftest -g -O2   conftest.c  >&5
conftest.c:45:6: warning: conflicting types for built-in function 'sqrt' [enabled by default]
 char sqrt ();
      ^
/tmp/ccfsVlvw.o: In function `main':
/star/u/lliu/test/JAM2/jam2_bk/conftest.c:56: undefined reference to `sqrt'
collect2: error: ld returned 1 exit status
configure:4789: $? = 1
configure: failed program was:
| /* confdefs.h */
| #define PACKAGE_NAME "jam"
| #define PACKAGE_TARNAME "jam"
| #define PACKAGE_VERSION "2.1000"
| #define PACKAGE_STRING "jam 2.1000"
| #define PACKAGE_BUGREPORT ""
| #define PACKAGE_URL ""
| #define PACKAGE "jam"
| #define VERSION "2.1000"
| #define STDC_HEADERS 1
| #define HAVE_SYS_TYPES_H 1
| #define HAVE_SYS_STAT_H 1
| #define HAVE_STDLIB_H 1
| #define HAVE_STRING_H 1
| #define HAVE_MEMORY_H 1
| #define HAVE_STRINGS_H 1
| #define HAVE_INTTYPES_H 1
| #define HAVE_STDINT_H 1
| #define HAVE_UNISTD_H 1
| #define HAVE__BOOL 1
| /* end confdefs.h.  */
| /* Define sqrt to an innocuous variant, in case <limits.h> declares sqrt.
|    For example, HP-UX 11i <limits.h> declares gettimeofday.  */
| #define sqrt innocuous_sqrt
| 
| /* System header to define __stub macros and hopefully few prototypes,
|     which can conflict with char sqrt (); below.
|     Prefer <limits.h> to <assert.h> if __STDC__ is defined, since
|     <limits.h> exists even on freestanding compilers.  */
| 
| #ifdef __STDC__
| # include <limits.h>
| #else
| # include <assert.h>
| #endif
| 
| #undef sqrt
| 
| /* Override any GCC internal prototype to avoid an error.
|    Use char because int might match the return type of a GCC
|    builtin and then its argument prototype would still apply.  */
| #ifdef __cplusplus
| extern "C"
| #endif
| char sqrt ();
| /* The GNU C library defines this for functions which it implements
|     to always fail with ENOSYS.  Some functions are actually named
|     something starting with __ and the normal name is an alias.  */
| #if defined __stub_sqrt || defined __stub___sqrt
| choke me
| #endif
| 
| int
| main ()
| {
| return sqrt ();
|   ;
|   return 0;
| }
configure:4789: result: no
configure:4836: checking build system type
configure:4850: result: x86_64-unknown-linux-gnu
configure:4870: checking host system type
configure:4883: result: x86_64-unknown-linux-gnu
configure:4924: checking how to print strings
configure:4951: result: printf
configure:4972: checking for a sed that does not truncate output
configure:5036: result: /usr/bin/sed
configure:5054: checking for fgrep
configure:5116: result: /usr/bin/grep -F
configure:5151: checking for ld used by gcc
configure:5218: result: /usr/bin/ld
configure:5225: checking if the linker (/usr/bin/ld) is GNU ld
configure:5240: result: yes
configure:5252: checking for BSD- or MS-compatible name lister (nm)
configure:5306: result: /usr/bin/nm -B
configure:5436: checking the name lister (/usr/bin/nm -B) interface
configure:5443: gcc -c -g -O2  conftest.c >&5
configure:5446: /usr/bin/nm -B "conftest.o"
configure:5449: output
0000000000000000 B some_variable
configure:5456: result: BSD nm
configure:5459: checking whether ln -s works
configure:5463: result: yes
configure:5471: checking the maximum length of command line arguments
configure:5602: result: 1572864
configure:5650: checking how to convert x86_64-unknown-linux-gnu file names to x86_64-unknown-linux-gnu format
configure:5690: result: func_convert_file_noop
configure:5697: checking how to convert x86_64-unknown-linux-gnu file names to toolchain format
configure:5717: result: func_convert_file_noop
configure:5724: checking for /usr/bin/ld option to reload object files
configure:5731: result: -r
configure:5805: checking for objdump
configure:5821: found /usr/bin/objdump
configure:5832: result: objdump
configure:5864: checking how to recognize dependent libraries
configure:6064: result: pass_all
configure:6149: checking for dlltool
configure:6179: result: no
configure:6209: checking how to associate runtime and link libraries
configure:6236: result: printf %s\n
configure:6296: checking for ar
configure:6312: found /usr/bin/ar
configure:6323: result: ar
configure:6360: checking for archiver @FILE support
configure:6377: gcc -c -g -O2  conftest.c >&5
configure:6377: $? = 0
configure:6380: ar cru libconftest.a @conftest.lst >&5
configure:6383: $? = 0
configure:6388: ar cru libconftest.a @conftest.lst >&5
ar: conftest.o: No such file or directory
configure:6391: $? = 1
configure:6403: result: @
configure:6461: checking for strip
configure:6477: found /usr/bin/strip
configure:6488: result: strip
configure:6560: checking for ranlib
configure:6576: found /usr/bin/ranlib
configure:6587: result: ranlib
configure:6689: checking command to parse /usr/bin/nm -B output from gcc object
configure:6842: gcc -c -g -O2  conftest.c >&5
configure:6845: $? = 0
configure:6849: /usr/bin/nm -B conftest.o \| sed -n -e 's/^.*[ ]\([ABCDGIRSTW][ABCDGIRSTW]*\)[ ][ ]*\([_A-Za-z][_A-Za-z0-9]*\)$/\1 \2 \2/p' | sed '/ __gnu_lto/d' \> conftest.nm
configure:6852: $? = 0
configure:6918: gcc -o conftest -g -O2   conftest.c conftstm.o >&5
configure:6921: $? = 0
configure:6959: result: ok
configure:7006: checking for sysroot
configure:7036: result: no
configure:7043: checking for a working dd
configure:7081: result: /usr/bin/dd
configure:7085: checking how to truncate binary pipes
configure:7100: result: /usr/bin/dd bs=4096 count=1
configure:7236: gcc -c -g -O2  conftest.c >&5
configure:7239: $? = 0
configure:7429: checking for mt
configure:7459: result: no
configure:7479: checking if : is a manifest tool
configure:7485: : '-?'
configure:7493: result: no
configure:8167: checking for dlfcn.h
configure:8167: gcc -c -g -O2  conftest.c >&5
configure:8167: $? = 0
configure:8167: result: yes
configure:8434: checking for objdir
configure:8449: result: .libs
configure:8713: checking if gcc supports -fno-rtti -fno-exceptions
configure:8731: gcc -c -g -O2  -fno-rtti -fno-exceptions conftest.c >&5
cc1: warning: command line option '-fno-rtti' is valid for C++/ObjC++ but not for C [enabled by default]
configure:8735: $? = 0
configure:8748: result: no
configure:9106: checking for gcc option to produce PIC
configure:9113: result: -fPIC -DPIC
configure:9121: checking if gcc PIC flag -fPIC -DPIC works
configure:9139: gcc -c -g -O2  -fPIC -DPIC -DPIC conftest.c >&5
configure:9143: $? = 0
configure:9156: result: yes
configure:9185: checking if gcc static flag -static works
configure:9213: result: no
configure:9228: checking if gcc supports -c -o file.o
configure:9249: gcc -c -g -O2  -o out/conftest2.o conftest.c >&5
configure:9253: $? = 0
configure:9275: result: yes
configure:9283: checking if gcc supports -c -o file.o
configure:9330: result: yes
configure:9363: checking whether the gcc linker (/usr/bin/ld -m elf_x86_64) supports shared libraries
configure:10622: result: yes
configure:10659: checking whether -lc should be explicitly linked in
configure:10667: gcc -c -g -O2  conftest.c >&5
configure:10670: $? = 0
configure:10685: gcc -shared  -fPIC -DPIC conftest.o  -v -Wl,-soname -Wl,conftest -o conftest 2\>\&1 \| /usr/bin/grep  -lc  \>/dev/null 2\>\&1
configure:10688: $? = 0
configure:10702: result: no
configure:10862: checking dynamic linker characteristics
configure:11443: gcc -o conftest -g -O2   -Wl,-rpath -Wl,/foo conftest.c  >&5
configure:11443: $? = 0
configure:11680: result: GNU/Linux ld.so
configure:11802: checking how to hardcode library paths into programs
configure:11827: result: immediate
configure:12375: checking whether stripping libraries is possible
configure:12380: result: yes
configure:12415: checking if libtool supports shared libraries
configure:12417: result: yes
configure:12420: checking whether to build shared libraries
configure:12445: result: yes
configure:12448: checking whether to build static libraries
configure:12452: result: yes
configure:12475: checking how to run the C++ preprocessor
configure:12502: g++ -E  conftest.cpp
configure:12502: $? = 0
configure:12516: g++ -E  conftest.cpp
conftest.cpp:24:28: fatal error: ac_nonexistent.h: No such file or directory
 #include <ac_nonexistent.h>
                            ^
compilation terminated.
configure:12516: $? = 1
configure: failed program was:
| /* confdefs.h */
| #define PACKAGE_NAME "jam"
| #define PACKAGE_TARNAME "jam"
| #define PACKAGE_VERSION "2.1000"
| #define PACKAGE_STRING "jam 2.1000"
| #define PACKAGE_BUGREPORT ""
| #define PACKAGE_URL ""
| #define PACKAGE "jam"
| #define VERSION "2.1000"
| #define STDC_HEADERS 1
| #define HAVE_SYS_TYPES_H 1
| #define HAVE_SYS_STAT_H 1
| #define HAVE_STDLIB_H 1
| #define HAVE_STRING_H 1
| #define HAVE_MEMORY_H 1
| #define HAVE_STRINGS_H 1
| #define HAVE_INTTYPES_H 1
| #define HAVE_STDINT_H 1
| #define HAVE_UNISTD_H 1
| #define HAVE__BOOL 1
| #define HAVE_DLFCN_H 1
| #define LT_OBJDIR ".libs/"
| /* end confdefs.h.  */
| #include <ac_nonexistent.h>
configure:12541: result: g++ -E
configure:12561: g++ -E  conftest.cpp
configure:12561: $? = 0
configure:12575: g++ -E  conftest.cpp
conftest.cpp:24:28: fatal error: ac_nonexistent.h: No such file or directory
 #include <ac_nonexistent.h>
                            ^
compilation terminated.
configure:12575: $? = 1
configure: failed program was:
| /* confdefs.h */
| #define PACKAGE_NAME "jam"
| #define PACKAGE_TARNAME "jam"
| #define PACKAGE_VERSION "2.1000"
| #define PACKAGE_STRING "jam 2.1000"
| #define PACKAGE_BUGREPORT ""
| #define PACKAGE_URL ""
| #define PACKAGE "jam"
| #define VERSION "2.1000"
| #define STDC_HEADERS 1
| #define HAVE_SYS_TYPES_H 1
| #define HAVE_SYS_STAT_H 1
| #define HAVE_STDLIB_H 1
| #define HAVE_STRING_H 1
| #define HAVE_MEMORY_H 1
| #define HAVE_STRINGS_H 1
| #define HAVE_INTTYPES_H 1
| #define HAVE_STDINT_H 1
| #define HAVE_UNISTD_H 1
| #define HAVE__BOOL 1
| #define HAVE_DLFCN_H 1
| #define LT_OBJDIR ".libs/"
| /* end confdefs.h.  */
| #include <ac_nonexistent.h>
configure:12737: checking for ld used by g++
configure:12804: result: /usr/bin/ld -m elf_x86_64
configure:12811: checking if the linker (/usr/bin/ld -m elf_x86_64) is GNU ld
configure:12826: result: yes
configure:12881: checking whether the g++ linker (/usr/bin/ld -m elf_x86_64) supports shared libraries
configure:13954: result: yes
configure:13990: g++ -c -g -O2 -Wall  conftest.cpp >&5
configure:13993: $? = 0
configure:14474: checking for g++ option to produce PIC
configure:14481: result: -fPIC -DPIC
configure:14489: checking if g++ PIC flag -fPIC -DPIC works
configure:14507: g++ -c -g -O2 -Wall  -fPIC -DPIC -DPIC conftest.cpp >&5
configure:14511: $? = 0
configure:14524: result: yes
configure:14547: checking if g++ static flag -static works
configure:14575: result: no
configure:14587: checking if g++ supports -c -o file.o
configure:14608: g++ -c -g -O2 -Wall  -o out/conftest2.o conftest.cpp >&5
configure:14612: $? = 0
configure:14634: result: yes
configure:14639: checking if g++ supports -c -o file.o
configure:14686: result: yes
configure:14716: checking whether the g++ linker (/usr/bin/ld -m elf_x86_64) supports shared libraries
configure:14756: result: yes
configure:14897: checking dynamic linker characteristics
configure:15642: result: GNU/Linux ld.so
configure:15707: checking how to hardcode library paths into programs
configure:15732: result: immediate
configure:15975: checking that generated files are newer than configure
configure:15981: result: done
configure:16008: creating ./config.status

## ---------------- ##
## Cache variables. ##
## ---------------- ##

ac_cv_build=x86_64-unknown-linux-gnu
ac_cv_c_compiler_gnu=yes
ac_cv_c_inline=inline
ac_cv_cxx_compiler_gnu=yes
ac_cv_env_CCC_set=
ac_cv_env_CCC_value=
ac_cv_env_CC_set=
ac_cv_env_CC_value=
ac_cv_env_CFLAGS_set=
ac_cv_env_CFLAGS_value=
ac_cv_env_CPPFLAGS_set=
ac_cv_env_CPPFLAGS_value=
ac_cv_env_CPP_set=
ac_cv_env_CPP_value=
ac_cv_env_CXXCPP_set=
ac_cv_env_CXXCPP_value=
ac_cv_env_CXXFLAGS_set=
ac_cv_env_CXXFLAGS_value=
ac_cv_env_CXX_set=
ac_cv_env_CXX_value=
ac_cv_env_LDFLAGS_set=
ac_cv_env_LDFLAGS_value=
ac_cv_env_LIBS_set=
ac_cv_env_LIBS_value=
ac_cv_env_LT_SYS_LIBRARY_PATH_set=
ac_cv_env_LT_SYS_LIBRARY_PATH_value=
ac_cv_env_build_alias_set=
ac_cv_env_build_alias_value=
ac_cv_env_host_alias_set=
ac_cv_env_host_alias_value=
ac_cv_env_target_alias_set=
ac_cv_env_target_alias_value=
ac_cv_func_pow=no
ac_cv_func_sqrt=no
ac_cv_header_dlfcn_h=yes
ac_cv_header_inttypes_h=yes
ac_cv_header_memory_h=yes
ac_cv_header_stdbool_h=yes
ac_cv_header_stdc=yes
ac_cv_header_stdint_h=yes
ac_cv_header_stdlib_h=yes
ac_cv_header_string_h=yes
ac_cv_header_strings_h=yes
ac_cv_header_sys_stat_h=yes
ac_cv_header_sys_types_h=yes
ac_cv_header_unistd_h=yes
ac_cv_host=x86_64-unknown-linux-gnu
ac_cv_objext=o
ac_cv_path_EGREP='/usr/bin/grep -E'
ac_cv_path_FGREP='/usr/bin/grep -F'
ac_cv_path_GREP=/usr/bin/grep
ac_cv_path_SED=/usr/bin/sed
ac_cv_path_install='/usr/bin/install -c'
ac_cv_path_lt_DD=/usr/bin/dd
ac_cv_path_mkdir=/usr/bin/mkdir
ac_cv_prog_AWK=gawk
ac_cv_prog_CPP='gcc -E'
ac_cv_prog_CXXCPP='g++ -E'
ac_cv_prog_ac_ct_AR=ar
ac_cv_prog_ac_ct_CC=gcc
ac_cv_prog_ac_ct_CXX=g++
ac_cv_prog_ac_ct_OBJDUMP=objdump
ac_cv_prog_ac_ct_RANLIB=ranlib
ac_cv_prog_ac_ct_STRIP=strip
ac_cv_prog_cc_c89=
ac_cv_prog_cc_g=yes
ac_cv_prog_cxx_g=yes
ac_cv_prog_make_make_set=yes
ac_cv_type__Bool=yes
am_cv_CC_dependencies_compiler_type=gcc3
am_cv_CXX_dependencies_compiler_type=gcc3
am_cv_make_support_nested_variables=yes
lt_cv_ar_at_file=@
lt_cv_archive_cmds_need_lc=no
lt_cv_deplibs_check_method=pass_all
lt_cv_file_magic_cmd='$MAGIC_CMD'
lt_cv_file_magic_test_file=
lt_cv_ld_reload_flag=-r
lt_cv_nm_interface='BSD nm'
lt_cv_objdir=.libs
lt_cv_path_LD=/usr/bin/ld
lt_cv_path_LDCXX='/usr/bin/ld -m elf_x86_64'
lt_cv_path_NM='/usr/bin/nm -B'
lt_cv_path_mainfest_tool=no
lt_cv_prog_compiler_c_o=yes
lt_cv_prog_compiler_c_o_CXX=yes
lt_cv_prog_compiler_pic='-fPIC -DPIC'
lt_cv_prog_compiler_pic_CXX='-fPIC -DPIC'
lt_cv_prog_compiler_pic_works=yes
lt_cv_prog_compiler_pic_works_CXX=yes
lt_cv_prog_compiler_rtti_exceptions=no
lt_cv_prog_compiler_static_works=no
lt_cv_prog_compiler_static_works_CXX=no
lt_cv_prog_gnu_ld=yes
lt_cv_prog_gnu_ldcxx=yes
lt_cv_sharedlib_from_linklib_cmd='printf %s\n'
lt_cv_shlibpath_overrides_runpath=no
lt_cv_sys_global_symbol_pipe='sed -n -e '\''s/^.*[	 ]\([ABCDGIRSTW][ABCDGIRSTW]*\)[	 ][	 ]*\([_A-Za-z][_A-Za-z0-9]*\)$/\1 \2 \2/p'\'' | sed '\''/ __gnu_lto/d'\'''
lt_cv_sys_global_symbol_to_c_name_address='sed -n -e '\''s/^: \(.*\) .*$/  {"\1", (void *) 0},/p'\'' -e '\''s/^[ABCDGIRSTW][ABCDGIRSTW]* .* \(.*\)$/  {"\1", (void *) \&\1},/p'\'''
lt_cv_sys_global_symbol_to_c_name_address_lib_prefix='sed -n -e '\''s/^: \(.*\) .*$/  {"\1", (void *) 0},/p'\'' -e '\''s/^[ABCDGIRSTW][ABCDGIRSTW]* .* \(lib.*\)$/  {"\1", (void *) \&\1},/p'\'' -e '\''s/^[ABCDGIRSTW][ABCDGIRSTW]* .* \(.*\)$/  {"lib\1", (void *) \&\1},/p'\'''
lt_cv_sys_global_symbol_to_cdecl='sed -n -e '\''s/^T .* \(.*\)$/extern int \1();/p'\'' -e '\''s/^[ABCDGIRSTW][ABCDGIRSTW]* .* \(.*\)$/extern char \1;/p'\'''
lt_cv_sys_global_symbol_to_import=
lt_cv_sys_max_cmd_len=1572864
lt_cv_to_host_file_cmd=func_convert_file_noop
lt_cv_to_tool_file_cmd=func_convert_file_noop
lt_cv_truncate_bin='/usr/bin/dd bs=4096 count=1'

## ----------------- ##
## Output variables. ##
## ----------------- ##

ACLOCAL='${SHELL} /star/u/lliu/test/JAM2/jam2_bk/missing aclocal-1.13'
AMDEPBACKSLASH='\'
AMDEP_FALSE='#'
AMDEP_TRUE=''
AMTAR='$${TAR-tar}'
AM_BACKSLASH='\'
AM_DEFAULT_V='$(AM_DEFAULT_VERBOSITY)'
AM_DEFAULT_VERBOSITY='1'
AM_V='$(V)'
AR='ar'
AUTOCONF='${SHELL} /star/u/lliu/test/JAM2/jam2_bk/missing autoconf'
AUTOHEADER='${SHELL} /star/u/lliu/test/JAM2/jam2_bk/missing autoheader'
AUTOMAKE='${SHELL} /star/u/lliu/test/JAM2/jam2_bk/missing automake-1.13'
AWK='gawk'
CC='gcc'
CCDEPMODE='depmode=gcc3'
CFLAGS='-g -O2'
CPP='gcc -E'
CPPFLAGS=''
CXX='g++'
CXXCPP='g++ -E'
CXXDEPMODE='depmode=gcc3'
CXXFLAGS='-g -O2 -Wall -fPIC -I/star/u/lliu/lib/pythia8/include -I..  -DPREFIX=\"/star/u/lliu/lib/share\"'
CYGPATH_W='echo'
DEFS='-DHAVE_CONFIG_H'
DEPDIR='.deps'
DLLTOOL='false'
DSYMUTIL=''
DUMPBIN=''
ECHO_C=''
ECHO_N='-n'
ECHO_T=''
EGREP='/usr/bin/grep -E'
EXEEXT=''
FGREP='/usr/bin/grep -F'
GREP='/usr/bin/grep'
INSTALL_DATA='${INSTALL} -m 644'
INSTALL_PROGRAM='${INSTALL}'
INSTALL_SCRIPT='${INSTALL}'
INSTALL_STRIP_PROGRAM='$(install_sh) -c -s'
LD='/usr/bin/ld -m elf_x86_64'
LDFLAGS='-L/star/u/lliu/lib/pythia8/lib -Wl,-rpath,/star/u/lliu/lib/pythia8/lib'
LIBOBJS=''
LIBS=''
LIBTOOL='$(SHELL) $(top_builddir)/libtool'
LIPO=''
LN_S='ln -s'
LTLIBOBJS=''
LT_SYS_LIBRARY_PATH=''
MAKEINFO='${SHELL} /star/u/lliu/test/JAM2/jam2_bk/missing makeinfo'
MANIFEST_TOOL=':'
MKDIR_P='/usr/bin/mkdir -p'
NM='/usr/bin/nm -B'
NMEDIT=''
OBJDUMP='objdump'
OBJEXT='o'
OTOOL64=''
OTOOL=''
PACKAGE='jam'
PACKAGE_BUGREPORT=''
PACKAGE_NAME='jam'
PACKAGE_STRING='jam 2.1000'
PACKAGE_TARNAME='jam'
PACKAGE_URL=''
PACKAGE_VERSION='2.1000'
PATH_SEPARATOR=':'
PYTHIALIBS='-lpythia8'
RANLIB='ranlib'
SED='/usr/bin/sed'
SET_MAKE=''
SHELL='/bin/sh'
STRIP='strip'
VERSION='2.1000'
ac_ct_AR='ar'
ac_ct_CC='gcc'
ac_ct_CXX='g++'
ac_ct_DUMPBIN=''
am__EXEEXT_FALSE=''
am__EXEEXT_TRUE='#'
am__fastdepCC_FALSE='#'
am__fastdepCC_TRUE=''
am__fastdepCXX_FALSE='#'
am__fastdepCXX_TRUE=''
am__include='include'
am__isrc=''
am__leading_dot='.'
am__nodep='_no'
am__quote=''
am__tar='$${TAR-tar} chof - "$$tardir"'
am__untar='$${TAR-tar} xf -'
bindir='${exec_prefix}/bin'
build='x86_64-unknown-linux-gnu'
build_alias=''
build_cpu='x86_64'
build_os='linux-gnu'
build_vendor='unknown'
datadir='${datarootdir}'
datarootdir='${prefix}/share'
docdir='${datarootdir}/doc/${PACKAGE_TARNAME}'
dvidir='${docdir}'
exec_prefix='${prefix}'
host='x86_64-unknown-linux-gnu'
host_alias=''
host_cpu='x86_64'
host_os='linux-gnu'
host_vendor='unknown'
htmldir='${docdir}'
includedir='${prefix}/include'
infodir='${datarootdir}/info'
install_sh='${SHELL} /star/u/lliu/test/JAM2/jam2_bk/install-sh'
libdir='${exec_prefix}/lib'
libexecdir='${exec_prefix}/libexec'
localedir='${datarootdir}/locale'
localstatedir='${prefix}/var'
mandir='${datarootdir}/man'
mkdir_p='$(MKDIR_P)'
oldincludedir='/usr/include'
pdfdir='${docdir}'
prefix='/star/u/lliu/lib'
program_transform_name='s,x,x,'
psdir='${docdir}'
sbindir='${exec_prefix}/sbin'
sharedstatedir='${prefix}/com'
subdirs=' tmp'
sysconfdir='${prefix}/etc'
target_alias=''

## ----------- ##
## confdefs.h. ##
## ----------- ##

/* confdefs.h */
#define PACKAGE_NAME "jam"
#define PACKAGE_TARNAME "jam"
#define PACKAGE_VERSION "2.1000"
#define PACKAGE_STRING "jam 2.1000"
#define PACKAGE_BUGREPORT ""
#define PACKAGE_URL ""
#define PACKAGE "jam"
#define VERSION "2.1000"
#define STDC_HEADERS 1
#define HAVE_SYS_TYPES_H 1
#define HAVE_SYS_STAT_H 1
#define HAVE_STDLIB_H 1
#define HAVE_STRING_H 1
#define HAVE_MEMORY_H 1
#define HAVE_STRINGS_H 1
#define HAVE_INTTYPES_H 1
#define HAVE_STDINT_H 1
#define HAVE_UNISTD_H 1
#define HAVE__BOOL 1
#define HAVE_DLFCN_H 1
#define LT_OBJDIR ".libs/"

configure: exit 0

## ---------------------- ##
## Running config.status. ##
## ---------------------- ##

This file was extended by jam config.status 2.1000, which was
generated by GNU Autoconf 2.69.  Invocation command line was

  CONFIG_FILES    = 
  CONFIG_HEADERS  = 
  CONFIG_LINKS    = 
  CONFIG_COMMANDS = 
  $ ./config.status 

on rcas6008.rcf.bnl.gov

config.status:1157: creating Makefile
config.status:1157: creating jam2/Makefile
config.status:1157: creating jam2/hadrons/Makefile
config.status:1157: creating jam2/xsection/Makefile
config.status:1157: creating jam2/initcond/Makefile
config.status:1157: creating jam2/collision/Makefile
config.status:1157: creating jam2/interaction/Makefile
config.status:1157: creating jam2/fluid/Makefile
config.status:1157: creating jam2/meanfield/Makefile
config.status:1157: creating config.h
config.status:1338: config.h is unchanged
config.status:1386: executing depfiles commands
config.status:1386: executing libtool commands
